-------------------------------------------------------------------------------
Test set: com.medi.runners.CukesRunner
-------------------------------------------------------------------------------
Tests run: 1, Failures: 1, Errors: 0, Skipped: 0, Time elapsed: 21.783 s <<< FAILURE! - in com.medi.runners.CukesRunner
User should on the page(User is on page)  Time elapsed: 21.035 s  <<< FAILURE!
java.lang.AssertionError: Test Result

