<?xml version="1.0" encoding="UTF-8"?>
<testsuite xmlns:xsi="http://www.w3.org/2001/XMLSchema-instance" xsi:noNamespaceSchemaLocation="https://maven.apache.org/surefire/maven-surefire-plugin/xsd/surefire-test-report.xsd" name="com.medi.runners.CukesRunner" time="21.783" tests="1" errors="0" skipped="0" failures="1">
  <properties>
[...]
</properties>
  <testcase name="User should on the page" classname="User is on page" time="21.035">
    <failure message="Test Result" type="java.lang.AssertionError">java.lang.AssertionError: Test Result
</failure>
    <system-out><![CDATA[1-48 of over 5,000 results for
]]></system-out>
    <system-err><![CDATA[Starting ChromeDriver 2.38.552522 (437e6fbedfa8762dec75e2c5b3ddb86763dc9dcb) on port 46139
Only local connections are allowed.
Ağu 03, 2020 12:30:53 ÖÖ org.openqa.selenium.remote.ProtocolHandshake createSession
INFO: Detected dialect: OSS
]]></system-err>
  </testcase>
</testsuite>